{"level":"info","message":"404 error: /dfgdfg","service":"my-app","timestamp":"2023-02-15T01:07:19.474Z"}
{"level":"info","message":"404 error: /admingfhfgh","service":"my-app","timestamp":"2023-02-15T01:12:36.215Z"}
{"level":"info","message":"404 error: /signinsdfs","service":"my-app","timestamp":"2023-02-15T01:27:15.025Z"}
{"level":"info","message":"404 error: /signind","service":"my-app","timestamp":"2023-02-15T01:28:41.370Z"}
{"level":"info","message":"404 error: /admin/edit-word?word=sdf","service":"my-app","timestamp":"2023-02-17T04:25:18.969Z"}
{"level":"info","message":"404 error: /admin/edit-word?word=updatetest","service":"my-app","timestamp":"2023-02-17T04:25:32.867Z"}
{"level":"info","message":"404 error: /admin/edit-word?word=updatetest","service":"my-app","timestamp":"2023-02-17T04:25:58.229Z"}
{"level":"info","message":"404 error: /reviewsdf","service":"my-app","timestamp":"2023-02-18T02:09:34.911Z"}
{"level":"info","message":"404 error: /reviewsdf","service":"my-app","timestamp":"2023-02-18T02:10:15.924Z"}
{"level":"info","message":"404 error: /reviewsdf","service":"my-app","timestamp":"2023-02-18T02:10:24.449Z"}
{"level":"info","message":"404 error: /fonts/roboto-v30-latin-700.woff2","service":"my-app","timestamp":"2023-02-19T16:39:19.547Z"}
{"level":"info","message":"404 error: /fonts/roboto-v30-latin-700.woff","service":"my-app","timestamp":"2023-02-19T16:39:19.558Z"}
{"level":"info","message":"404 error: /fonts/roboto-v30-latin-700.ttf","service":"my-app","timestamp":"2023-02-19T16:39:19.564Z"}
{"level":"info","message":"404 error: /fonts/roboto-v30-latin-500.woff2","service":"my-app","timestamp":"2023-02-19T16:39:27.842Z"}
{"level":"info","message":"404 error: /fonts/roboto-v30-latin-700.woff2","service":"my-app","timestamp":"2023-02-19T16:39:27.848Z"}
{"level":"info","message":"404 error: /fonts/roboto-v30-latin-500.woff","service":"my-app","timestamp":"2023-02-19T16:39:27.851Z"}
{"level":"info","message":"404 error: /fonts/roboto-v30-latin-700.woff","service":"my-app","timestamp":"2023-02-19T16:39:27.858Z"}
{"level":"info","message":"404 error: /fonts/roboto-v30-latin-500.ttf","service":"my-app","timestamp":"2023-02-19T16:39:27.861Z"}
{"level":"info","message":"404 error: /fonts/roboto-v30-latin-700.ttf","service":"my-app","timestamp":"2023-02-19T16:39:27.867Z"}
{"level":"info","message":"404 error: /fonts/roboto-v30-latin-500.woff2","service":"my-app","timestamp":"2023-02-19T16:39:38.528Z"}
{"level":"info","message":"404 error: /fonts/roboto-v30-latin-700.woff2","service":"my-app","timestamp":"2023-02-19T16:39:38.531Z"}
{"level":"info","message":"404 error: /fonts/roboto-v30-latin-500.woff","service":"my-app","timestamp":"2023-02-19T16:39:38.540Z"}
{"level":"info","message":"404 error: /fonts/roboto-v30-latin-700.woff","service":"my-app","timestamp":"2023-02-19T16:39:38.542Z"}
{"level":"info","message":"404 error: /fonts/roboto-v30-latin-500.ttf","service":"my-app","timestamp":"2023-02-19T16:39:38.550Z"}
{"level":"info","message":"404 error: /fonts/roboto-v30-latin-700.ttf","service":"my-app","timestamp":"2023-02-19T16:39:38.553Z"}
{"level":"info","message":"404 error: /fonts/roboto-v30-latin-500.woff2","service":"my-app","timestamp":"2023-02-19T16:39:47.586Z"}
{"level":"info","message":"404 error: /fonts/roboto-v30-latin-700.woff2","service":"my-app","timestamp":"2023-02-19T16:39:47.590Z"}
{"level":"info","message":"404 error: /fonts/roboto-v30-latin-500.woff","service":"my-app","timestamp":"2023-02-19T16:39:47.601Z"}
{"level":"info","message":"404 error: /fonts/roboto-v30-latin-700.woff","service":"my-app","timestamp":"2023-02-19T16:39:47.604Z"}
{"level":"info","message":"404 error: /fonts/roboto-v30-latin-500.ttf","service":"my-app","timestamp":"2023-02-19T16:39:47.615Z"}
{"level":"info","message":"404 error: /fonts/roboto-v30-latin-700.ttf","service":"my-app","timestamp":"2023-02-19T16:39:47.617Z"}
{"level":"info","message":"404 error: /fonts/roboto-v30-latin-500.woff2","service":"my-app","timestamp":"2023-02-19T16:44:42.614Z"}
{"level":"info","message":"404 error: /fonts/roboto-v30-latin-700.woff2","service":"my-app","timestamp":"2023-02-19T16:44:42.618Z"}
{"level":"info","message":"404 error: /fonts/roboto-v30-latin-500.woff","service":"my-app","timestamp":"2023-02-19T16:44:42.626Z"}
{"level":"info","message":"404 error: /fonts/roboto-v30-latin-700.woff","service":"my-app","timestamp":"2023-02-19T16:44:42.629Z"}
{"level":"info","message":"404 error: /fonts/roboto-v30-latin-500.ttf","service":"my-app","timestamp":"2023-02-19T16:44:42.637Z"}
{"level":"info","message":"404 error: /fonts/roboto-v30-latin-700.ttf","service":"my-app","timestamp":"2023-02-19T16:44:42.639Z"}
{"level":"info","message":"404 error: /fonts/roboto-v30-latin-500.woff2","service":"my-app","timestamp":"2023-02-19T16:44:59.997Z"}
{"level":"info","message":"404 error: /fonts/roboto-v30-latin-700.woff2","service":"my-app","timestamp":"2023-02-19T16:45:00.000Z"}
{"level":"info","message":"404 error: /fonts/roboto-v30-latin-500.woff","service":"my-app","timestamp":"2023-02-19T16:45:00.015Z"}
{"level":"info","message":"404 error: /fonts/roboto-v30-latin-700.woff","service":"my-app","timestamp":"2023-02-19T16:45:00.018Z"}
{"level":"info","message":"404 error: /fonts/roboto-v30-latin-500.ttf","service":"my-app","timestamp":"2023-02-19T16:45:00.031Z"}
{"level":"info","message":"404 error: /fonts/roboto-v30-latin-700.ttf","service":"my-app","timestamp":"2023-02-19T16:45:00.033Z"}
{"level":"info","message":"404 error: /fonts/roboto-v30-latin-500.woff2","service":"my-app","timestamp":"2023-02-19T16:45:29.913Z"}
{"level":"info","message":"404 error: /fonts/roboto-v30-latin-700.woff2","service":"my-app","timestamp":"2023-02-19T16:45:29.916Z"}
{"level":"info","message":"404 error: /fonts/roboto-v30-latin-500.woff","service":"my-app","timestamp":"2023-02-19T16:45:29.923Z"}
{"level":"info","message":"404 error: /fonts/roboto-v30-latin-700.woff","service":"my-app","timestamp":"2023-02-19T16:45:29.926Z"}
{"level":"info","message":"404 error: /fonts/roboto-v30-latin-500.ttf","service":"my-app","timestamp":"2023-02-19T16:45:29.934Z"}
{"level":"info","message":"404 error: /fonts/roboto-v30-latin-700.ttf","service":"my-app","timestamp":"2023-02-19T16:45:29.936Z"}
{"level":"info","message":"404 error: /fonts/roboto-v30-latin-500.woff2","service":"my-app","timestamp":"2023-02-19T16:45:35.323Z"}
{"level":"info","message":"404 error: /fonts/roboto-v30-latin-700.woff2","service":"my-app","timestamp":"2023-02-19T16:45:35.325Z"}
{"level":"info","message":"404 error: /fonts/roboto-v30-latin-500.woff","service":"my-app","timestamp":"2023-02-19T16:45:35.333Z"}
{"level":"info","message":"404 error: /fonts/roboto-v30-latin-700.woff","service":"my-app","timestamp":"2023-02-19T16:45:35.335Z"}
{"level":"info","message":"404 error: /fonts/roboto-v30-latin-500.ttf","service":"my-app","timestamp":"2023-02-19T16:45:35.344Z"}
{"level":"info","message":"404 error: /fonts/roboto-v30-latin-700.ttf","service":"my-app","timestamp":"2023-02-19T16:45:35.346Z"}
{"level":"info","message":"404 error: /fonts/roboto-v30-latin-500.woff2","service":"my-app","timestamp":"2023-02-19T16:46:42.679Z"}
{"level":"info","message":"404 error: /fonts/roboto-v30-latin-700.woff2","service":"my-app","timestamp":"2023-02-19T16:46:42.681Z"}
{"level":"info","message":"404 error: /fonts/roboto-v30-latin-500.woff","service":"my-app","timestamp":"2023-02-19T16:46:42.688Z"}
{"level":"info","message":"404 error: /fonts/roboto-v30-latin-700.woff","service":"my-app","timestamp":"2023-02-19T16:46:42.691Z"}
{"level":"info","message":"404 error: /fonts/roboto-v30-latin-500.ttf","service":"my-app","timestamp":"2023-02-19T16:46:42.699Z"}
{"level":"info","message":"404 error: /fonts/roboto-v30-latin-700.ttf","service":"my-app","timestamp":"2023-02-19T16:46:42.700Z"}
{"level":"info","message":"404 error: /fonts/roboto-v30-latin-500.woff2","service":"my-app","timestamp":"2023-02-19T16:47:21.063Z"}
{"level":"info","message":"404 error: /fonts/roboto-v30-latin-700.woff2","service":"my-app","timestamp":"2023-02-19T16:47:21.065Z"}
{"level":"info","message":"404 error: /fonts/roboto-v30-latin-500.woff","service":"my-app","timestamp":"2023-02-19T16:47:21.074Z"}
{"level":"info","message":"404 error: /fonts/roboto-v30-latin-700.woff","service":"my-app","timestamp":"2023-02-19T16:47:21.077Z"}
{"level":"info","message":"404 error: /fonts/roboto-v30-latin-500.ttf","service":"my-app","timestamp":"2023-02-19T16:47:21.085Z"}
{"level":"info","message":"404 error: /fonts/roboto-v30-latin-700.ttf","service":"my-app","timestamp":"2023-02-19T16:47:21.086Z"}
{"level":"info","message":"404 error: /fonts/roboto-v30-latin-500.woff2","service":"my-app","timestamp":"2023-02-19T16:48:25.187Z"}
{"level":"info","message":"404 error: /fonts/roboto-v30-latin-700.woff2","service":"my-app","timestamp":"2023-02-19T16:48:25.189Z"}
{"level":"info","message":"404 error: /fonts/roboto-v30-latin-500.woff","service":"my-app","timestamp":"2023-02-19T16:48:25.197Z"}
{"level":"info","message":"404 error: /fonts/roboto-v30-latin-700.woff","service":"my-app","timestamp":"2023-02-19T16:48:25.200Z"}
{"level":"info","message":"404 error: /fonts/roboto-v30-latin-500.ttf","service":"my-app","timestamp":"2023-02-19T16:48:25.207Z"}
{"level":"info","message":"404 error: /fonts/roboto-v30-latin-700.ttf","service":"my-app","timestamp":"2023-02-19T16:48:25.209Z"}
{"level":"info","message":"404 error: /fonts/roboto-v30-latin-500.woff2","service":"my-app","timestamp":"2023-02-19T16:48:34.528Z"}
{"level":"info","message":"404 error: /fonts/roboto-v30-latin-700.woff2","service":"my-app","timestamp":"2023-02-19T16:48:34.532Z"}
{"level":"info","message":"404 error: /fonts/roboto-v30-latin-500.woff","service":"my-app","timestamp":"2023-02-19T16:48:34.541Z"}
{"level":"info","message":"404 error: /fonts/roboto-v30-latin-700.woff","service":"my-app","timestamp":"2023-02-19T16:48:34.543Z"}
{"level":"info","message":"404 error: /fonts/roboto-v30-latin-500.ttf","service":"my-app","timestamp":"2023-02-19T16:48:34.554Z"}
{"level":"info","message":"404 error: /fonts/roboto-v30-latin-700.ttf","service":"my-app","timestamp":"2023-02-19T16:48:34.557Z"}
{"level":"info","message":"404 error: /fonts/roboto-v30-latin-500.woff2","service":"my-app","timestamp":"2023-02-19T16:48:57.457Z"}
{"level":"info","message":"404 error: /fonts/roboto-v30-latin-700.woff2","service":"my-app","timestamp":"2023-02-19T16:48:57.459Z"}
{"level":"info","message":"404 error: /fonts/roboto-v30-latin-500.woff","service":"my-app","timestamp":"2023-02-19T16:48:57.468Z"}
{"level":"info","message":"404 error: /fonts/roboto-v30-latin-700.woff","service":"my-app","timestamp":"2023-02-19T16:48:57.472Z"}
{"level":"info","message":"404 error: /fonts/roboto-v30-latin-500.ttf","service":"my-app","timestamp":"2023-02-19T16:48:57.480Z"}
{"level":"info","message":"404 error: /fonts/roboto-v30-latin-700.ttf","service":"my-app","timestamp":"2023-02-19T16:48:57.484Z"}
{"level":"info","message":"404 error: /fonts/roboto-v30-latin-500.woff2","service":"my-app","timestamp":"2023-02-19T16:49:16.277Z"}
{"level":"info","message":"404 error: /fonts/roboto-v30-latin-700.woff2","service":"my-app","timestamp":"2023-02-19T16:49:16.279Z"}
{"level":"info","message":"404 error: /fonts/roboto-v30-latin-500.woff","service":"my-app","timestamp":"2023-02-19T16:49:16.289Z"}
{"level":"info","message":"404 error: /fonts/roboto-v30-latin-700.woff","service":"my-app","timestamp":"2023-02-19T16:49:16.292Z"}
{"level":"info","message":"404 error: /fonts/roboto-v30-latin-500.ttf","service":"my-app","timestamp":"2023-02-19T16:49:16.299Z"}
{"level":"info","message":"404 error: /fonts/roboto-v30-latin-700.ttf","service":"my-app","timestamp":"2023-02-19T16:49:16.301Z"}
{"level":"info","message":"404 error: /fonts/roboto-v30-latin-500.woff2","service":"my-app","timestamp":"2023-02-19T16:51:50.938Z"}
{"level":"info","message":"404 error: /fonts/roboto-v30-latin-700.woff2","service":"my-app","timestamp":"2023-02-19T16:51:50.940Z"}
{"level":"info","message":"404 error: /fonts/roboto-v30-latin-500.woff","service":"my-app","timestamp":"2023-02-19T16:51:50.949Z"}
{"level":"info","message":"404 error: /fonts/roboto-v30-latin-700.woff","service":"my-app","timestamp":"2023-02-19T16:51:50.950Z"}
{"level":"info","message":"404 error: /fonts/roboto-v30-latin-500.ttf","service":"my-app","timestamp":"2023-02-19T16:51:50.958Z"}
{"level":"info","message":"404 error: /fonts/roboto-v30-latin-700.ttf","service":"my-app","timestamp":"2023-02-19T16:51:50.961Z"}
{"level":"info","message":"404 error: /fonts/roboto-v30-latin-500.woff2","service":"my-app","timestamp":"2023-02-19T16:52:11.653Z"}
{"level":"info","message":"404 error: /fonts/roboto-v30-latin-700.woff2","service":"my-app","timestamp":"2023-02-19T16:52:11.655Z"}
{"level":"info","message":"404 error: /fonts/roboto-v30-latin-500.woff","service":"my-app","timestamp":"2023-02-19T16:52:11.663Z"}
{"level":"info","message":"404 error: /fonts/roboto-v30-latin-700.woff","service":"my-app","timestamp":"2023-02-19T16:52:11.665Z"}
{"level":"info","message":"404 error: /fonts/roboto-v30-latin-500.ttf","service":"my-app","timestamp":"2023-02-19T16:52:11.672Z"}
{"level":"info","message":"404 error: /fonts/roboto-v30-latin-700.ttf","service":"my-app","timestamp":"2023-02-19T16:52:11.675Z"}
{"level":"info","message":"404 error: /fonts/roboto-v30-latin-500.woff2","service":"my-app","timestamp":"2023-02-19T16:52:29.080Z"}
{"level":"info","message":"404 error: /fonts/roboto-v30-latin-700.woff2","service":"my-app","timestamp":"2023-02-19T16:52:29.083Z"}
{"level":"info","message":"404 error: /fonts/roboto-v30-latin-500.woff","service":"my-app","timestamp":"2023-02-19T16:52:29.092Z"}
{"level":"info","message":"404 error: /fonts/roboto-v30-latin-700.woff","service":"my-app","timestamp":"2023-02-19T16:52:29.094Z"}
{"level":"info","message":"404 error: /fonts/roboto-v30-latin-500.ttf","service":"my-app","timestamp":"2023-02-19T16:52:29.104Z"}
{"level":"info","message":"404 error: /fonts/roboto-v30-latin-700.ttf","service":"my-app","timestamp":"2023-02-19T16:52:29.106Z"}
{"level":"info","message":"404 error: /fonts/roboto-v30-latin-500.woff2","service":"my-app","timestamp":"2023-02-19T16:53:18.303Z"}
{"level":"info","message":"404 error: /fonts/roboto-v30-latin-700.woff2","service":"my-app","timestamp":"2023-02-19T16:53:18.305Z"}
{"level":"info","message":"404 error: /fonts/roboto-v30-latin-500.woff","service":"my-app","timestamp":"2023-02-19T16:53:18.313Z"}
{"level":"info","message":"404 error: /fonts/roboto-v30-latin-700.woff","service":"my-app","timestamp":"2023-02-19T16:53:18.316Z"}
{"level":"info","message":"404 error: /fonts/roboto-v30-latin-500.ttf","service":"my-app","timestamp":"2023-02-19T16:53:18.325Z"}
{"level":"info","message":"404 error: /fonts/roboto-v30-latin-700.ttf","service":"my-app","timestamp":"2023-02-19T16:53:18.328Z"}
{"level":"info","message":"404 error: /fonts/roboto-v30-latin-500.woff2","service":"my-app","timestamp":"2023-02-19T16:53:23.725Z"}
{"level":"info","message":"404 error: /fonts/roboto-v30-latin-700.woff2","service":"my-app","timestamp":"2023-02-19T16:53:23.726Z"}
{"level":"info","message":"404 error: /fonts/roboto-v30-latin-500.woff","service":"my-app","timestamp":"2023-02-19T16:53:23.734Z"}
{"level":"info","message":"404 error: /fonts/roboto-v30-latin-700.woff","service":"my-app","timestamp":"2023-02-19T16:53:23.736Z"}
{"level":"info","message":"404 error: /fonts/roboto-v30-latin-500.ttf","service":"my-app","timestamp":"2023-02-19T16:53:23.743Z"}
{"level":"info","message":"404 error: /fonts/roboto-v30-latin-700.ttf","service":"my-app","timestamp":"2023-02-19T16:53:23.745Z"}
{"level":"info","message":"404 error: /fonts/roboto-v30-latin-500.woff2","service":"my-app","timestamp":"2023-02-19T16:54:23.184Z"}
{"level":"info","message":"404 error: /fonts/roboto-v30-latin-700.woff2","service":"my-app","timestamp":"2023-02-19T16:54:23.187Z"}
{"level":"info","message":"404 error: /fonts/roboto-v30-latin-500.woff","service":"my-app","timestamp":"2023-02-19T16:54:23.198Z"}
{"level":"info","message":"404 error: /fonts/roboto-v30-latin-700.woff","service":"my-app","timestamp":"2023-02-19T16:54:23.205Z"}
{"level":"info","message":"404 error: /fonts/roboto-v30-latin-500.ttf","service":"my-app","timestamp":"2023-02-19T16:54:23.214Z"}
{"level":"info","message":"404 error: /fonts/roboto-v30-latin-700.ttf","service":"my-app","timestamp":"2023-02-19T16:54:23.216Z"}
{"level":"info","message":"404 error: /fonts/roboto-v30-latin-500.woff2","service":"my-app","timestamp":"2023-02-19T16:54:38.069Z"}
{"level":"info","message":"404 error: /fonts/roboto-v30-latin-700.woff2","service":"my-app","timestamp":"2023-02-19T16:54:38.071Z"}
{"level":"info","message":"404 error: /fonts/roboto-v30-latin-500.woff","service":"my-app","timestamp":"2023-02-19T16:54:38.080Z"}
{"level":"info","message":"404 error: /fonts/roboto-v30-latin-700.woff","service":"my-app","timestamp":"2023-02-19T16:54:38.082Z"}
{"level":"info","message":"404 error: /fonts/roboto-v30-latin-500.ttf","service":"my-app","timestamp":"2023-02-19T16:54:38.090Z"}
{"level":"info","message":"404 error: /fonts/roboto-v30-latin-700.ttf","service":"my-app","timestamp":"2023-02-19T16:54:38.091Z"}
{"level":"info","message":"404 error: /fonts/roboto-v30-latin-500.woff2","service":"my-app","timestamp":"2023-02-19T17:09:42.556Z"}
{"level":"info","message":"404 error: /fonts/roboto-v30-latin-700.woff2","service":"my-app","timestamp":"2023-02-19T17:09:42.558Z"}
{"level":"info","message":"404 error: /fonts/roboto-v30-latin-500.woff","service":"my-app","timestamp":"2023-02-19T17:09:42.566Z"}
{"level":"info","message":"404 error: /fonts/roboto-v30-latin-700.woff","service":"my-app","timestamp":"2023-02-19T17:09:42.568Z"}
{"level":"info","message":"404 error: /fonts/roboto-v30-latin-500.ttf","service":"my-app","timestamp":"2023-02-19T17:09:42.575Z"}
{"level":"info","message":"404 error: /fonts/roboto-v30-latin-700.ttf","service":"my-app","timestamp":"2023-02-19T17:09:42.578Z"}
{"level":"info","message":"404 error: /fonts/roboto-v30-latin-500.woff2","service":"my-app","timestamp":"2023-02-19T17:09:43.173Z"}
{"level":"info","message":"404 error: /fonts/roboto-v30-latin-700.woff2","service":"my-app","timestamp":"2023-02-19T17:09:43.175Z"}
{"level":"info","message":"404 error: /fonts/roboto-v30-latin-500.woff","service":"my-app","timestamp":"2023-02-19T17:09:43.183Z"}
{"level":"info","message":"404 error: /fonts/roboto-v30-latin-700.woff","service":"my-app","timestamp":"2023-02-19T17:09:43.187Z"}
{"level":"info","message":"404 error: /fonts/roboto-v30-latin-500.ttf","service":"my-app","timestamp":"2023-02-19T17:09:43.195Z"}
{"level":"info","message":"404 error: /fonts/roboto-v30-latin-700.ttf","service":"my-app","timestamp":"2023-02-19T17:09:43.197Z"}
{"level":"info","message":"404 error: /fonts/roboto-v30-latin-500.woff2","service":"my-app","timestamp":"2023-02-19T17:16:56.135Z"}
{"level":"info","message":"404 error: /fonts/roboto-v30-latin-700.woff2","service":"my-app","timestamp":"2023-02-19T17:16:56.137Z"}
{"level":"info","message":"404 error: /fonts/roboto-v30-latin-500.woff","service":"my-app","timestamp":"2023-02-19T17:16:56.145Z"}
{"level":"info","message":"404 error: /fonts/roboto-v30-latin-700.woff","service":"my-app","timestamp":"2023-02-19T17:16:56.147Z"}
{"level":"info","message":"404 error: /fonts/roboto-v30-latin-500.ttf","service":"my-app","timestamp":"2023-02-19T17:16:56.155Z"}
{"level":"info","message":"404 error: /fonts/roboto-v30-latin-700.ttf","service":"my-app","timestamp":"2023-02-19T17:16:56.157Z"}
{"level":"info","message":"404 error: /fonts/roboto-v30-latin-500.woff2","service":"my-app","timestamp":"2023-02-19T17:17:04.128Z"}
{"level":"info","message":"404 error: /fonts/roboto-v30-latin-700.woff2","service":"my-app","timestamp":"2023-02-19T17:17:04.130Z"}
{"level":"info","message":"404 error: /fonts/roboto-v30-latin-500.woff","service":"my-app","timestamp":"2023-02-19T17:17:04.138Z"}
{"level":"info","message":"404 error: /fonts/roboto-v30-latin-700.woff","service":"my-app","timestamp":"2023-02-19T17:17:04.141Z"}
{"level":"info","message":"404 error: /fonts/roboto-v30-latin-500.ttf","service":"my-app","timestamp":"2023-02-19T17:17:04.148Z"}
{"level":"info","message":"404 error: /fonts/roboto-v30-latin-700.ttf","service":"my-app","timestamp":"2023-02-19T17:17:04.150Z"}
{"level":"info","message":"404 error: /fonts/roboto-v30-latin-500.woff2","service":"my-app","timestamp":"2023-02-19T17:17:29.133Z"}
{"level":"info","message":"404 error: /fonts/roboto-v30-latin-700.woff2","service":"my-app","timestamp":"2023-02-19T17:17:29.135Z"}
{"level":"info","message":"404 error: /fonts/roboto-v30-latin-500.woff","service":"my-app","timestamp":"2023-02-19T17:17:29.145Z"}
{"level":"info","message":"404 error: /fonts/roboto-v30-latin-700.woff","service":"my-app","timestamp":"2023-02-19T17:17:29.147Z"}
{"level":"info","message":"404 error: /fonts/roboto-v30-latin-700.ttf","service":"my-app","timestamp":"2023-02-19T17:17:29.156Z"}
{"level":"info","message":"404 error: /fonts/roboto-v30-latin-500.ttf","service":"my-app","timestamp":"2023-02-19T17:17:29.158Z"}
{"level":"info","message":"404 error: /fonts/roboto-v30-latin-500.woff2","service":"my-app","timestamp":"2023-02-19T17:18:35.244Z"}
{"level":"info","message":"404 error: /fonts/roboto-v30-latin-700.woff2","service":"my-app","timestamp":"2023-02-19T17:18:35.246Z"}
{"level":"info","message":"404 error: /fonts/roboto-v30-latin-500.woff","service":"my-app","timestamp":"2023-02-19T17:18:35.253Z"}
{"level":"info","message":"404 error: /fonts/roboto-v30-latin-700.woff","service":"my-app","timestamp":"2023-02-19T17:18:35.256Z"}
{"level":"info","message":"404 error: /fonts/roboto-v30-latin-500.ttf","service":"my-app","timestamp":"2023-02-19T17:18:35.266Z"}
{"level":"info","message":"404 error: /fonts/roboto-v30-latin-700.ttf","service":"my-app","timestamp":"2023-02-19T17:18:35.268Z"}
{"level":"info","message":"404 error: /fonts/roboto-v30-latin-500.woff2","service":"my-app","timestamp":"2023-02-19T17:18:40.355Z"}
{"level":"info","message":"404 error: /fonts/roboto-v30-latin-700.woff2","service":"my-app","timestamp":"2023-02-19T17:18:40.357Z"}
{"level":"info","message":"404 error: /fonts/roboto-v30-latin-500.woff","service":"my-app","timestamp":"2023-02-19T17:18:40.368Z"}
{"level":"info","message":"404 error: /fonts/roboto-v30-latin-700.woff","service":"my-app","timestamp":"2023-02-19T17:18:40.371Z"}
{"level":"info","message":"404 error: /fonts/roboto-v30-latin-500.ttf","service":"my-app","timestamp":"2023-02-19T17:18:40.380Z"}
{"level":"info","message":"404 error: /fonts/roboto-v30-latin-700.ttf","service":"my-app","timestamp":"2023-02-19T17:18:40.382Z"}
{"level":"info","message":"404 error: /fonts/roboto-v30-latin-500.woff2","service":"my-app","timestamp":"2023-02-19T17:20:18.320Z"}
{"level":"info","message":"404 error: /fonts/roboto-v30-latin-700.woff2","service":"my-app","timestamp":"2023-02-19T17:20:18.322Z"}
{"level":"info","message":"404 error: /fonts/roboto-v30-latin-500.woff","service":"my-app","timestamp":"2023-02-19T17:20:18.329Z"}
{"level":"info","message":"404 error: /fonts/roboto-v30-latin-700.woff","service":"my-app","timestamp":"2023-02-19T17:20:18.331Z"}
{"level":"info","message":"404 error: /fonts/roboto-v30-latin-500.ttf","service":"my-app","timestamp":"2023-02-19T17:20:18.342Z"}
{"level":"info","message":"404 error: /fonts/roboto-v30-latin-700.ttf","service":"my-app","timestamp":"2023-02-19T17:20:18.344Z"}
{"level":"info","message":"404 error: /fonts/roboto-v30-latin-regular.woff2","service":"my-app","timestamp":"2023-02-19T17:20:46.835Z"}
{"level":"info","message":"404 error: /fonts/roboto-v30-latin-500.woff2","service":"my-app","timestamp":"2023-02-19T17:20:46.838Z"}
{"level":"info","message":"404 error: /fonts/roboto-v30-latin-700.woff2","service":"my-app","timestamp":"2023-02-19T17:20:46.843Z"}
{"level":"info","message":"404 error: /fonts/roboto-v30-latin-regular.woff","service":"my-app","timestamp":"2023-02-19T17:20:46.850Z"}
{"level":"info","message":"404 error: /fonts/roboto-v30-latin-500.woff","service":"my-app","timestamp":"2023-02-19T17:20:46.855Z"}
{"level":"info","message":"404 error: /fonts/roboto-v30-latin-700.woff","service":"my-app","timestamp":"2023-02-19T17:20:46.863Z"}
{"level":"info","message":"404 error: /fonts/roboto-v30-latin-regular.ttf","service":"my-app","timestamp":"2023-02-19T17:20:46.869Z"}
{"level":"info","message":"404 error: /fonts/roboto-v30-latin-500.ttf","service":"my-app","timestamp":"2023-02-19T17:20:46.871Z"}
{"level":"info","message":"404 error: /fonts/roboto-v30-latin-700.ttf","service":"my-app","timestamp":"2023-02-19T17:20:46.875Z"}
{"level":"info","message":"404 error: /fonts/roboto-v30-latin-700.woff2","service":"my-app","timestamp":"2023-02-19T17:20:52.704Z"}
{"level":"info","message":"404 error: /fonts/roboto-v30-latin-500.woff2","service":"my-app","timestamp":"2023-02-19T17:20:52.706Z"}
{"level":"info","message":"404 error: /fonts/roboto-v30-latin-700.woff","service":"my-app","timestamp":"2023-02-19T17:20:52.714Z"}
{"level":"info","message":"404 error: /fonts/roboto-v30-latin-500.woff","service":"my-app","timestamp":"2023-02-19T17:20:52.717Z"}
{"level":"info","message":"404 error: /fonts/roboto-v30-latin-500.ttf","service":"my-app","timestamp":"2023-02-19T17:20:52.725Z"}
{"level":"info","message":"404 error: /fonts/roboto-v30-latin-700.ttf","service":"my-app","timestamp":"2023-02-19T17:20:52.727Z"}
{"level":"info","message":"404 error: /fonts/roboto-v30-latin-500.woff2","service":"my-app","timestamp":"2023-02-19T17:20:53.232Z"}
{"level":"info","message":"404 error: /fonts/roboto-v30-latin-700.woff2","service":"my-app","timestamp":"2023-02-19T17:20:53.234Z"}
{"level":"info","message":"404 error: /fonts/roboto-v30-latin-500.woff","service":"my-app","timestamp":"2023-02-19T17:20:53.242Z"}
{"level":"info","message":"404 error: /fonts/roboto-v30-latin-700.woff","service":"my-app","timestamp":"2023-02-19T17:20:53.243Z"}
{"level":"info","message":"404 error: /fonts/roboto-v30-latin-500.ttf","service":"my-app","timestamp":"2023-02-19T17:20:53.250Z"}
{"level":"info","message":"404 error: /fonts/roboto-v30-latin-700.ttf","service":"my-app","timestamp":"2023-02-19T17:20:53.252Z"}
{"level":"info","message":"404 error: /fonts/roboto-v30-latin-500.woff2","service":"my-app","timestamp":"2023-02-19T21:07:02.509Z"}
{"level":"info","message":"404 error: /fonts/roboto-v30-latin-700.woff2","service":"my-app","timestamp":"2023-02-19T21:07:02.510Z"}
{"level":"info","message":"404 error: /fonts/roboto-v30-latin-500.woff","service":"my-app","timestamp":"2023-02-19T21:07:02.517Z"}
{"level":"info","message":"404 error: /fonts/roboto-v30-latin-700.woff","service":"my-app","timestamp":"2023-02-19T21:07:02.519Z"}
{"level":"info","message":"404 error: /fonts/roboto-v30-latin-500.ttf","service":"my-app","timestamp":"2023-02-19T21:07:02.527Z"}
{"level":"info","message":"404 error: /fonts/roboto-v30-latin-700.ttf","service":"my-app","timestamp":"2023-02-19T21:07:02.529Z"}
{"level":"info","message":"404 error: /fonts/roboto-v30-latin-500.woff2","service":"my-app","timestamp":"2023-02-19T21:07:03.197Z"}
{"level":"info","message":"404 error: /fonts/roboto-v30-latin-700.woff2","service":"my-app","timestamp":"2023-02-19T21:07:03.199Z"}
{"level":"info","message":"404 error: /fonts/roboto-v30-latin-500.woff","service":"my-app","timestamp":"2023-02-19T21:07:03.205Z"}
{"level":"info","message":"404 error: /fonts/roboto-v30-latin-700.woff","service":"my-app","timestamp":"2023-02-19T21:07:03.207Z"}
{"level":"info","message":"404 error: /fonts/roboto-v30-latin-500.ttf","service":"my-app","timestamp":"2023-02-19T21:07:03.212Z"}
{"level":"info","message":"404 error: /fonts/roboto-v30-latin-700.ttf","service":"my-app","timestamp":"2023-02-19T21:07:03.214Z"}
{"level":"info","message":"404 error: /fonts/roboto-v30-latin-500.woff2","service":"my-app","timestamp":"2023-02-19T21:07:53.622Z"}
{"level":"info","message":"404 error: /fonts/roboto-v30-latin-700.woff2","service":"my-app","timestamp":"2023-02-19T21:07:53.625Z"}
{"level":"info","message":"404 error: /fonts/roboto-v30-latin-500.woff","service":"my-app","timestamp":"2023-02-19T21:07:53.633Z"}
{"level":"info","message":"404 error: /fonts/roboto-v30-latin-700.woff","service":"my-app","timestamp":"2023-02-19T21:07:53.635Z"}
{"level":"info","message":"404 error: /fonts/roboto-v30-latin-500.ttf","service":"my-app","timestamp":"2023-02-19T21:07:53.642Z"}
{"level":"info","message":"404 error: /fonts/roboto-v30-latin-700.ttf","service":"my-app","timestamp":"2023-02-19T21:07:53.645Z"}
{"level":"info","message":"404 error: /fonts/roboto-v30-latin-500.woff2","service":"my-app","timestamp":"2023-02-19T21:07:54.591Z"}
{"level":"info","message":"404 error: /fonts/roboto-v30-latin-700.woff2","service":"my-app","timestamp":"2023-02-19T21:07:54.594Z"}
{"level":"info","message":"404 error: /fonts/roboto-v30-latin-500.woff","service":"my-app","timestamp":"2023-02-19T21:07:54.601Z"}
{"level":"info","message":"404 error: /fonts/roboto-v30-latin-700.woff","service":"my-app","timestamp":"2023-02-19T21:07:54.603Z"}
{"level":"info","message":"404 error: /fonts/roboto-v30-latin-500.ttf","service":"my-app","timestamp":"2023-02-19T21:07:54.609Z"}
{"level":"info","message":"404 error: /fonts/roboto-v30-latin-700.ttf","service":"my-app","timestamp":"2023-02-19T21:07:54.610Z"}
{"level":"info","message":"404 error: /fonts/roboto-v30-latin-700.woff2","service":"my-app","timestamp":"2023-02-19T21:08:02.398Z"}
{"level":"info","message":"404 error: /fonts/roboto-v30-latin-500.woff2","service":"my-app","timestamp":"2023-02-19T21:08:02.401Z"}
{"level":"info","message":"404 error: /fonts/roboto-v30-latin-700.woff","service":"my-app","timestamp":"2023-02-19T21:08:02.407Z"}
{"level":"info","message":"404 error: /fonts/roboto-v30-latin-500.woff","service":"my-app","timestamp":"2023-02-19T21:08:02.409Z"}
{"level":"info","message":"404 error: /fonts/roboto-v30-latin-700.ttf","service":"my-app","timestamp":"2023-02-19T21:08:02.415Z"}
{"level":"info","message":"404 error: /fonts/roboto-v30-latin-500.ttf","service":"my-app","timestamp":"2023-02-19T21:08:02.417Z"}
{"level":"info","message":"404 error: /fonts/roboto-v30-latin-500.woff2","service":"my-app","timestamp":"2023-02-19T21:08:03.082Z"}
{"level":"info","message":"404 error: /fonts/roboto-v30-latin-700.woff2","service":"my-app","timestamp":"2023-02-19T21:08:03.084Z"}
{"level":"info","message":"404 error: /fonts/roboto-v30-latin-500.woff","service":"my-app","timestamp":"2023-02-19T21:08:03.091Z"}
{"level":"info","message":"404 error: /fonts/roboto-v30-latin-700.woff","service":"my-app","timestamp":"2023-02-19T21:08:03.093Z"}
{"level":"info","message":"404 error: /fonts/roboto-v30-latin-500.ttf","service":"my-app","timestamp":"2023-02-19T21:08:03.100Z"}
{"level":"info","message":"404 error: /fonts/roboto-v30-latin-700.ttf","service":"my-app","timestamp":"2023-02-19T21:08:03.101Z"}
{"level":"info","message":"404 error: /fonts/roboto-v30-latin-500.woff2","service":"my-app","timestamp":"2023-02-19T21:08:23.336Z"}
{"level":"info","message":"404 error: /fonts/roboto-v30-latin-700.woff2","service":"my-app","timestamp":"2023-02-19T21:08:23.337Z"}
{"level":"info","message":"404 error: /fonts/roboto-v30-latin-500.woff","service":"my-app","timestamp":"2023-02-19T21:08:23.344Z"}
{"level":"info","message":"404 error: /fonts/roboto-v30-latin-700.woff","service":"my-app","timestamp":"2023-02-19T21:08:23.347Z"}
{"level":"info","message":"404 error: /fonts/roboto-v30-latin-500.ttf","service":"my-app","timestamp":"2023-02-19T21:08:23.353Z"}
{"level":"info","message":"404 error: /fonts/roboto-v30-latin-700.ttf","service":"my-app","timestamp":"2023-02-19T21:08:23.354Z"}
{"level":"info","message":"404 error: /fonts/roboto-v30-latin-500.woff2","service":"my-app","timestamp":"2023-02-19T21:08:34.384Z"}
{"level":"info","message":"404 error: /fonts/roboto-v30-latin-700.woff2","service":"my-app","timestamp":"2023-02-19T21:08:34.386Z"}
{"level":"info","message":"404 error: /fonts/roboto-v30-latin-500.woff","service":"my-app","timestamp":"2023-02-19T21:08:34.392Z"}
{"level":"info","message":"404 error: /fonts/roboto-v30-latin-700.woff","service":"my-app","timestamp":"2023-02-19T21:08:34.394Z"}
{"level":"info","message":"404 error: /fonts/roboto-v30-latin-500.ttf","service":"my-app","timestamp":"2023-02-19T21:08:34.403Z"}
{"level":"info","message":"404 error: /fonts/roboto-v30-latin-700.ttf","service":"my-app","timestamp":"2023-02-19T21:08:34.404Z"}
{"level":"info","message":"404 error: /fonts/roboto-v30-latin-500.woff2","service":"my-app","timestamp":"2023-02-19T21:09:10.885Z"}
{"level":"info","message":"404 error: /fonts/roboto-v30-latin-700.woff2","service":"my-app","timestamp":"2023-02-19T21:09:10.887Z"}
{"level":"info","message":"404 error: /fonts/roboto-v30-latin-500.woff","service":"my-app","timestamp":"2023-02-19T21:09:10.893Z"}
{"level":"info","message":"404 error: /fonts/roboto-v30-latin-700.woff","service":"my-app","timestamp":"2023-02-19T21:09:10.895Z"}
{"level":"info","message":"404 error: /fonts/roboto-v30-latin-500.ttf","service":"my-app","timestamp":"2023-02-19T21:09:10.902Z"}
{"level":"info","message":"404 error: /fonts/roboto-v30-latin-700.ttf","service":"my-app","timestamp":"2023-02-19T21:09:10.904Z"}
{"level":"info","message":"404 error: /fonts/roboto-v30-latin-500.woff2","service":"my-app","timestamp":"2023-02-19T21:09:32.628Z"}
{"level":"info","message":"404 error: /fonts/roboto-v30-latin-700.woff2","service":"my-app","timestamp":"2023-02-19T21:09:32.630Z"}
{"level":"info","message":"404 error: /fonts/roboto-v30-latin-500.woff","service":"my-app","timestamp":"2023-02-19T21:09:32.637Z"}
{"level":"info","message":"404 error: /fonts/roboto-v30-latin-700.woff","service":"my-app","timestamp":"2023-02-19T21:09:32.639Z"}
{"level":"info","message":"404 error: /fonts/roboto-v30-latin-500.ttf","service":"my-app","timestamp":"2023-02-19T21:09:32.645Z"}
{"level":"info","message":"404 error: /fonts/roboto-v30-latin-700.ttf","service":"my-app","timestamp":"2023-02-19T21:09:32.647Z"}
{"level":"info","message":"404 error: /fonts/roboto-v30-latin-500.woff2","service":"my-app","timestamp":"2023-02-19T21:09:44.118Z"}
{"level":"info","message":"404 error: /fonts/roboto-v30-latin-700.woff2","service":"my-app","timestamp":"2023-02-19T21:09:44.119Z"}
{"level":"info","message":"404 error: /fonts/roboto-v30-latin-500.woff","service":"my-app","timestamp":"2023-02-19T21:09:44.126Z"}
{"level":"info","message":"404 error: /fonts/roboto-v30-latin-700.woff","service":"my-app","timestamp":"2023-02-19T21:09:44.128Z"}
{"level":"info","message":"404 error: /fonts/roboto-v30-latin-500.ttf","service":"my-app","timestamp":"2023-02-19T21:09:44.134Z"}
{"level":"info","message":"404 error: /fonts/roboto-v30-latin-700.ttf","service":"my-app","timestamp":"2023-02-19T21:09:44.137Z"}
